<?xml version="1.0" encoding="UTF-8"?>
<!-- Generated by org.testng.reporters.JUnitReportReporter -->
<testsuite hostname="DESKTOP-D0DJ3KT" failures="0" tests="1" name="Testpkg.Testsaucedemo" time="4.472" errors="0" timestamp="2023-12-18T10:26:52 IST" skipped="0">
  <testcase classname="Testpkg.Testsaucedemo" name="test" time="4.472"/>
</testsuite> <!-- Testpkg.Testsaucedemo -->
